Using pre-set license
Built from '2021.3/china_unity/release' branch; Version is '2021.3.44f1c1 (0c301d0bd4e3) revision 798749'; Using compiler version '192829333'; Build Type 'Release'
OS: 'Windows 10  (10.0.19045) 64bit CoreCountrySpecific' Language: 'zh' Physical Memory: 16197 MB
BatchMode: 1, IsHumanControllingUs: 0, StartBugReporterOnCrash: 0, Is64bit: 1, IsPro: 1

COMMAND LINE ARGUMENTS:
F:\UnityHubEditor\2021.3.44f1c1\Editor\Unity.exe
-adb2
-batchMode
-noUpm
-name
AssetImportWorker2
-projectPath
C:/Users/Admin/Desktop/Edge-main/Edge
-logFile
Logs/AssetImportWorker2.log
-srvPort
61664
Successfully changed project path to: C:/Users/Admin/Desktop/Edge-main/Edge
C:/Users/Admin/Desktop/Edge-main/Edge
[UnityMemory] Configuration Parameters - Can be set up in boot.config
    "memorysetup-bucket-allocator-granularity=16"
    "memorysetup-bucket-allocator-bucket-count=8"
    "memorysetup-bucket-allocator-block-size=33554432"
    "memorysetup-bucket-allocator-block-count=8"
    "memorysetup-main-allocator-block-size=16777216"
    "memorysetup-thread-allocator-block-size=16777216"
    "memorysetup-gfx-main-allocator-block-size=16777216"
    "memorysetup-gfx-thread-allocator-block-size=16777216"
    "memorysetup-cache-allocator-block-size=4194304"
    "memorysetup-typetree-allocator-block-size=2097152"
    "memorysetup-profiler-bucket-allocator-granularity=16"
    "memorysetup-profiler-bucket-allocator-bucket-count=8"
    "memorysetup-profiler-bucket-allocator-block-size=33554432"
    "memorysetup-profiler-bucket-allocator-block-count=8"
    "memorysetup-profiler-allocator-block-size=16777216"
    "memorysetup-profiler-editor-allocator-block-size=1048576"
    "memorysetup-temp-allocator-size-main=16777216"
    "memorysetup-job-temp-allocator-block-size=2097152"
    "memorysetup-job-temp-allocator-block-size-background=1048576"
    "memorysetup-job-temp-allocator-reduction-small-platforms=262144"
    "memorysetup-temp-allocator-size-background-worker=32768"
    "memorysetup-temp-allocator-size-job-worker=262144"
    "memorysetup-temp-allocator-size-preload-manager=33554432"
    "memorysetup-temp-allocator-size-nav-mesh-worker=65536"
    "memorysetup-temp-allocator-size-audio-worker=65536"
    "memorysetup-temp-allocator-size-cloud-worker=32768"
    "memorysetup-temp-allocator-size-gi-baking-worker=262144"
    "memorysetup-temp-allocator-size-gfx=262144"
Player connection [15816] Host "[IP] 192.168.0.105 [Port] 0 [Flags] 2 [Guid] 1338862070 [EditorId] 1338862070 [Version] 1048832 [Id] WindowsEditor(7,PS2022MIHRXRNI) [Debug] 1 [PackageName] WindowsEditor [ProjectName] Editor" joined multi-casting on [225.0.0.222:54997]...

Player connection [15816] Host "[IP] 192.168.0.105 [Port] 0 [Flags] 2 [Guid] 1338862070 [EditorId] 1338862070 [Version] 1048832 [Id] WindowsEditor(7,PS2022MIHRXRNI) [Debug] 1 [PackageName] WindowsEditor [ProjectName] Editor" joined alternative multi-casting on [225.0.0.222:34997]...

AS: AutoStreaming module initializing.
[Physics::Module] Initialized MultithreadedJobDispatcher with {0} workers.
Refreshing native plugins compatible for Editor in 57.19 ms, found 6 plugins.
Preloading 0 native plugins for Editor in 0.00 ms.
Initialize engine version: 2021.3.44f1c1 (0c301d0bd4e3)
[Subsystems] Discovering subsystems at path F:/UnityHubEditor/2021.3.44f1c1/Editor/Data/Resources/UnitySubsystems
[Subsystems] Discovering subsystems at path C:/Users/Admin/Desktop/Edge-main/Edge/Assets
GfxDevice: creating device client; threaded=0; jobified=0
Direct3D:
    Version:  Direct3D 11.0 [level 11.1]
    Renderer: NVIDIA GeForce RTX 3060 Ti (ID=0x2489)
    Vendor:   NVIDIA
    VRAM:     8024 MB
    Driver:   32.0.15.6094
Initialize mono
Mono path[0] = 'F:/UnityHubEditor/2021.3.44f1c1/Editor/Data/Managed'
Mono path[1] = 'F:/UnityHubEditor/2021.3.44f1c1/Editor/Data/MonoBleedingEdge/lib/mono/unityjit-win32'
Mono config path = 'F:/UnityHubEditor/2021.3.44f1c1/Editor/Data/MonoBleedingEdge/etc'
Using monoOptions --debugger-agent=transport=dt_socket,embedding=1,server=y,suspend=n,address=127.0.0.1:56796
Begin MonoManager ReloadAssembly
Registering precompiled unity dll's ...
Register platform support module: F:/UnityHubEditor/2021.3.44f1c1/Editor/Data/PlaybackEngines/WebGLSupport/UnityEditor.WebGL.Extensions.dll
Register platform support module: F:/UnityHubEditor/2021.3.44f1c1/Editor/Data/PlaybackEngines/AndroidPlayer/UnityEditor.Android.Extensions.dll
Register platform support module: F:/UnityHubEditor/2021.3.44f1c1/Editor/Data/PlaybackEngines/WindowsStandaloneSupport/UnityEditor.WindowsStandalone.Extensions.dll
Registered in 0.004936 seconds.
Native extension for WindowsStandalone target not found
Native extension for Android target not found
Android Extension - Scanning For ADB Devices 506 ms
Native extension for WebGL target not found
Refreshing native plugins compatible for Editor in 37.65 ms, found 6 plugins.
Preloading 0 native plugins for Editor in 0.00 ms.
Mono: successfully reloaded assembly
- Completed reload, in  1.215 seconds
Domain Reload Profiling:
	ReloadAssembly (1216ms)
		BeginReloadAssembly (120ms)
			ExecutionOrderSort (0ms)
			DisableScriptedObjects (0ms)
			BackupInstance (0ms)
			ReleaseScriptingObjects (0ms)
			CreateAndSetChildDomain (1ms)
		EndReloadAssembly (992ms)
			LoadAssemblies (117ms)
			RebuildTransferFunctionScriptingTraits (0ms)
			SetupTypeCache (110ms)
			ReleaseScriptCaches (0ms)
			RebuildScriptCaches (35ms)
			SetupLoadedEditorAssemblies (797ms)
				LogAssemblyErrors (0ms)
				InitializePlatformSupportModulesInManaged (586ms)
				SetLoadedEditorAssemblies (0ms)
				RefreshPlugins (38ms)
				BeforeProcessingInitializeOnLoad (2ms)
				ProcessInitializeOnLoadAttributes (115ms)
				ProcessInitializeOnLoadMethodAttributes (57ms)
				AfterProcessingInitializeOnLoad (0ms)
				EditorAssembliesLoaded (0ms)
			ExecutionOrderSort2 (0ms)
			AwakeInstancesAfterBackupRestoration (0ms)
Platform modules already initialized, skipping
Registering precompiled user dll's ...
Registered in 0.025754 seconds.
Begin MonoManager ReloadAssembly
Symbol file LoadedFromMemory is not a mono symbol file
Native extension for WindowsStandalone target not found
Native extension for Android target not found
Native extension for WebGL target not found
Refreshing native plugins compatible for Editor in 36.65 ms, found 6 plugins.
Preloading 0 native plugins for Editor in 0.00 ms.
Mono: successfully reloaded assembly
- Completed reload, in  0.986 seconds
Domain Reload Profiling:
	ReloadAssembly (987ms)
		BeginReloadAssembly (134ms)
			ExecutionOrderSort (0ms)
			DisableScriptedObjects (7ms)
			BackupInstance (0ms)
			ReleaseScriptingObjects (0ms)
			CreateAndSetChildDomain (21ms)
		EndReloadAssembly (733ms)
			LoadAssemblies (93ms)
			RebuildTransferFunctionScriptingTraits (0ms)
			SetupTypeCache (171ms)
			ReleaseScriptCaches (0ms)
			RebuildScriptCaches (59ms)
			SetupLoadedEditorAssemblies (348ms)
				LogAssemblyErrors (0ms)
				InitializePlatformSupportModulesInManaged (15ms)
				SetLoadedEditorAssemblies (0ms)
				RefreshPlugins (37ms)
				BeforeProcessingInitializeOnLoad (69ms)
				ProcessInitializeOnLoadAttributes (157ms)
				ProcessInitializeOnLoadMethodAttributes (61ms)
				AfterProcessingInitializeOnLoad (9ms)
				EditorAssembliesLoaded (0ms)
			ExecutionOrderSort2 (0ms)
			AwakeInstancesAfterBackupRestoration (21ms)
Platform modules already initialized, skipping
========================================================================
Worker process is ready to serve import requests
Launched and connected shader compiler UnityShaderCompiler.exe after 0.11 seconds
Refreshing native plugins compatible for Editor in 0.74 ms, found 6 plugins.
Preloading 0 native plugins for Editor in 0.00 ms.
Unloading 1893 Unused Serialized files (Serialized files now loaded: 0)
Unloading 85 unused Assets / (1.2 MB). Loaded Objects now: 2322.
Memory consumption went from 118.5 MB to 117.3 MB.
Total: 3.750500 ms (FindLiveObjects: 0.223900 ms CreateObjectMapping: 0.057100 ms MarkObjects: 2.772900 ms  DeleteObjects: 0.695400 ms)

AssetImportParameters requested are different than current active one (requested -> active):
  custom:video-decoder-ogg-theora: a1e56fd34408186e4bbccfd4996cb3dc -> 
  custom:container-muxer-webm: aa71ff27fc2769a1b78a27578f13a17b -> 
  custom:container-demuxer-webm: 4f35f7cbe854078d1ac9338744f61a02 -> 
  custom:video-encoder-webm-vp8: eb34c28f22e8b96e1ab97ce403110664 -> 
  custom:CustomObjectIndexerAttribute: bc11b3a6c3213fcdd17b65e7da85e133 -> 
  custom:audio-encoder-webm-vorbis: bf7c407c2cedff20999df2af8eb42d56 -> 
  custom:framework-win-MediaFoundation: 216162199b28c13a410421893ffa2e32 -> 
  custom:SearchIndexIgnoredProperties: e643bd26f0fe6173181afceb89e7c659 -> 
  custom:container-demuxer-ogg: 62fdf1f143b41e24485cea50d1cbac27 -> 
  custom:video-decoder-webm-vp8: 9c59270c3fd7afecdb556c50c9e8de78 -> 
  custom:audio-decoder-ogg-vorbis: bf7c407c2cedff20999df2af8eb42d56 -> 
========================================================================
Received Import Request.
  Time since last request: 6373.165964 seconds.
  path: Assets/Games/Climb/攀爬无背景/攀爬0146.png
  artifactKey: Guid(1bacd2bc3c74d4d799fd867c171bf60e) Importer(815301076,1909f56bfc062723c751e8b465ee728b)
Number of updated assets reloaded before import = 0
Start importing Assets/Games/Climb/攀爬无背景/攀爬0146.png using Guid(1bacd2bc3c74d4d799fd867c171bf60e) Importer(815301076,1909f56bfc062723c751e8b465ee728b)  -> (artifact id: '90f00cbcb44cbc00e252f466fbd945e9') in 0.223307 seconds 
Number of asset objects unloaded after import = 3
========================================================================
Received Import Request.
  Time since last request: 0.000027 seconds.
  path: Assets/Games/Climb/攀爬无背景/攀爬0168.png
  artifactKey: Guid(75b8825a8d9b84499b5ded0bb2ed0a01) Importer(815301076,1909f56bfc062723c751e8b465ee728b)
Number of updated assets reloaded before import = 0
Start importing Assets/Games/Climb/攀爬无背景/攀爬0168.png using Guid(75b8825a8d9b84499b5ded0bb2ed0a01) Importer(815301076,1909f56bfc062723c751e8b465ee728b)  -> (artifact id: '3f9ffa0485df28d0f0f7e1b904c39965') in 0.087287 seconds 
Number of asset objects unloaded after import = 3
========================================================================
Received Import Request.
  Time since last request: 0.000028 seconds.
  path: Assets/Games/Climb/攀爬无背景/攀爬0181.png
  artifactKey: Guid(c7232a79a4a7b4b95851955208c00520) Importer(815301076,1909f56bfc062723c751e8b465ee728b)
Number of updated assets reloaded before import = 0
Start importing Assets/Games/Climb/攀爬无背景/攀爬0181.png using Guid(c7232a79a4a7b4b95851955208c00520) Importer(815301076,1909f56bfc062723c751e8b465ee728b)  -> (artifact id: '4509278bca1e9263ea10b0324d079dab') in 0.086750 seconds 
Number of asset objects unloaded after import = 3
========================================================================
Received Import Request.
  Time since last request: 0.000018 seconds.
  path: Assets/Games/Climb/攀爬无背景/攀爬0184.png
  artifactKey: Guid(81c375af4c0314a67987bf2c811c1d1c) Importer(815301076,1909f56bfc062723c751e8b465ee728b)
Number of updated assets reloaded before import = 0
Start importing Assets/Games/Climb/攀爬无背景/攀爬0184.png using Guid(81c375af4c0314a67987bf2c811c1d1c) Importer(815301076,1909f56bfc062723c751e8b465ee728b)  -> (artifact id: 'eb7a918ffcf75b0b56eea366fd934dcf') in 0.071088 seconds 
Number of asset objects unloaded after import = 3
========================================================================
Received Import Request.
  Time since last request: 0.000021 seconds.
  path: Assets/Games/Climb/攀爬无背景/攀爬0143.png
  artifactKey: Guid(3fc02a711e64a42d993667b00d5ccf64) Importer(815301076,1909f56bfc062723c751e8b465ee728b)
Number of updated assets reloaded before import = 0
Start importing Assets/Games/Climb/攀爬无背景/攀爬0143.png using Guid(3fc02a711e64a42d993667b00d5ccf64) Importer(815301076,1909f56bfc062723c751e8b465ee728b)  -> (artifact id: 'f30b48b66dfb49997782b216649c839c') in 0.089369 seconds 
Number of asset objects unloaded after import = 3
========================================================================
Received Import Request.
  Time since last request: 0.000026 seconds.
  path: Assets/Games/Climb/攀爬无背景/攀爬0165.png
  artifactKey: Guid(7297c63aa5f8543508616e8cbe1ccf92) Importer(815301076,1909f56bfc062723c751e8b465ee728b)
Number of updated assets reloaded before import = 0
Start importing Assets/Games/Climb/攀爬无背景/攀爬0165.png using Guid(7297c63aa5f8543508616e8cbe1ccf92) Importer(815301076,1909f56bfc062723c751e8b465ee728b)  -> (artifact id: 'e1a8558f270849d4bea64e3cbb55a5b0') in 0.071359 seconds 
Number of asset objects unloaded after import = 3
========================================================================
Received Prepare
Registering precompiled user dll's ...
Registered in 0.027347 seconds.
Begin MonoManager ReloadAssembly
Symbol file LoadedFromMemory is not a mono symbol file
Native extension for WindowsStandalone target not found
Native extension for Android target not found
Native extension for WebGL target not found
Refreshing native plugins compatible for Editor in 0.71 ms, found 6 plugins.
Preloading 0 native plugins for Editor in 0.00 ms.
Mono: successfully reloaded assembly
- Completed reload, in  0.953 seconds
Domain Reload Profiling:
	ReloadAssembly (954ms)
		BeginReloadAssembly (154ms)
			ExecutionOrderSort (0ms)
			DisableScriptedObjects (10ms)
			BackupInstance (0ms)
			ReleaseScriptingObjects (0ms)
			CreateAndSetChildDomain (27ms)
		EndReloadAssembly (688ms)
			LoadAssemblies (107ms)
			RebuildTransferFunctionScriptingTraits (0ms)
			SetupTypeCache (175ms)
			ReleaseScriptCaches (1ms)
			RebuildScriptCaches (53ms)
			SetupLoadedEditorAssemblies (305ms)
				LogAssemblyErrors (0ms)
				InitializePlatformSupportModulesInManaged (19ms)
				SetLoadedEditorAssemblies (0ms)
				RefreshPlugins (1ms)
				BeforeProcessingInitializeOnLoad (66ms)
				ProcessInitializeOnLoadAttributes (151ms)
				ProcessInitializeOnLoadMethodAttributes (60ms)
				AfterProcessingInitializeOnLoad (8ms)
				EditorAssembliesLoaded (0ms)
			ExecutionOrderSort2 (0ms)
			AwakeInstancesAfterBackupRestoration (17ms)
Platform modules already initialized, skipping
Refreshing native plugins compatible for Editor in 0.89 ms, found 6 plugins.
Preloading 0 native plugins for Editor in 0.00 ms.
Unloading 1842 Unused Serialized files (Serialized files now loaded: 0)
Unloading 75 unused Assets / (1.4 MB). Loaded Objects now: 2332.
Memory consumption went from 117.5 MB to 116.1 MB.
Total: 3.386600 ms (FindLiveObjects: 0.210500 ms CreateObjectMapping: 0.062600 ms MarkObjects: 2.400200 ms  DeleteObjects: 0.712100 ms)

AssetImportParameters requested are different than current active one (requested -> active):
  custom:video-decoder-ogg-theora: a1e56fd34408186e4bbccfd4996cb3dc -> 
  custom:container-muxer-webm: aa71ff27fc2769a1b78a27578f13a17b -> 
  custom:container-demuxer-webm: 4f35f7cbe854078d1ac9338744f61a02 -> 
  custom:video-encoder-webm-vp8: eb34c28f22e8b96e1ab97ce403110664 -> 
  custom:CustomObjectIndexerAttribute: bc11b3a6c3213fcdd17b65e7da85e133 -> 
  custom:audio-encoder-webm-vorbis: bf7c407c2cedff20999df2af8eb42d56 -> 
  custom:framework-win-MediaFoundation: 216162199b28c13a410421893ffa2e32 -> 
  custom:SearchIndexIgnoredProperties: e643bd26f0fe6173181afceb89e7c659 -> 
  custom:container-demuxer-ogg: 62fdf1f143b41e24485cea50d1cbac27 -> 
  custom:video-decoder-webm-vp8: 9c59270c3fd7afecdb556c50c9e8de78 -> 
  custom:audio-decoder-ogg-vorbis: bf7c407c2cedff20999df2af8eb42d56 -> 
========================================================================
Received Prepare
Registering precompiled user dll's ...
Registered in 0.028649 seconds.
Begin MonoManager ReloadAssembly
Symbol file LoadedFromMemory is not a mono symbol file
Native extension for WindowsStandalone target not found
Native extension for Android target not found
Native extension for WebGL target not found
Refreshing native plugins compatible for Editor in 0.72 ms, found 6 plugins.
Preloading 0 native plugins for Editor in 0.00 ms.
Mono: successfully reloaded assembly
- Completed reload, in  0.942 seconds
Domain Reload Profiling:
	ReloadAssembly (943ms)
		BeginReloadAssembly (135ms)
			ExecutionOrderSort (0ms)
			DisableScriptedObjects (8ms)
			BackupInstance (0ms)
			ReleaseScriptingObjects (0ms)
			CreateAndSetChildDomain (27ms)
		EndReloadAssembly (700ms)
			LoadAssemblies (94ms)
			RebuildTransferFunctionScriptingTraits (0ms)
			SetupTypeCache (174ms)
			ReleaseScriptCaches (1ms)
			RebuildScriptCaches (54ms)
			SetupLoadedEditorAssemblies (314ms)
				LogAssemblyErrors (0ms)
				InitializePlatformSupportModulesInManaged (18ms)
				SetLoadedEditorAssemblies (1ms)
				RefreshPlugins (1ms)
				BeforeProcessingInitializeOnLoad (68ms)
				ProcessInitializeOnLoadAttributes (159ms)
				ProcessInitializeOnLoadMethodAttributes (58ms)
				AfterProcessingInitializeOnLoad (8ms)
				EditorAssembliesLoaded (0ms)
			ExecutionOrderSort2 (0ms)
			AwakeInstancesAfterBackupRestoration (21ms)
Platform modules already initialized, skipping
Refreshing native plugins compatible for Editor in 0.78 ms, found 6 plugins.
Preloading 0 native plugins for Editor in 0.00 ms.
Unloading 1842 Unused Serialized files (Serialized files now loaded: 0)
Unloading 75 unused Assets / (1.4 MB). Loaded Objects now: 2335.
Memory consumption went from 117.5 MB to 116.1 MB.
Total: 3.403400 ms (FindLiveObjects: 0.221200 ms CreateObjectMapping: 0.074500 ms MarkObjects: 2.355200 ms  DeleteObjects: 0.751300 ms)

AssetImportParameters requested are different than current active one (requested -> active):
  custom:video-decoder-ogg-theora: a1e56fd34408186e4bbccfd4996cb3dc -> 
  custom:container-muxer-webm: aa71ff27fc2769a1b78a27578f13a17b -> 
  custom:container-demuxer-webm: 4f35f7cbe854078d1ac9338744f61a02 -> 
  custom:video-encoder-webm-vp8: eb34c28f22e8b96e1ab97ce403110664 -> 
  custom:CustomObjectIndexerAttribute: bc11b3a6c3213fcdd17b65e7da85e133 -> 
  custom:audio-encoder-webm-vorbis: bf7c407c2cedff20999df2af8eb42d56 -> 
  custom:framework-win-MediaFoundation: 216162199b28c13a410421893ffa2e32 -> 
  custom:SearchIndexIgnoredProperties: e643bd26f0fe6173181afceb89e7c659 -> 
  custom:container-demuxer-ogg: 62fdf1f143b41e24485cea50d1cbac27 -> 
  custom:video-decoder-webm-vp8: 9c59270c3fd7afecdb556c50c9e8de78 -> 
  custom:audio-decoder-ogg-vorbis: bf7c407c2cedff20999df2af8eb42d56 -> 
========================================================================
Received Prepare
Registering precompiled user dll's ...
Registered in 0.031566 seconds.
Begin MonoManager ReloadAssembly
Symbol file LoadedFromMemory is not a mono symbol file
Native extension for WindowsStandalone target not found
Native extension for Android target not found
Native extension for WebGL target not found
Refreshing native plugins compatible for Editor in 0.75 ms, found 6 plugins.
Preloading 0 native plugins for Editor in 0.00 ms.
Mono: successfully reloaded assembly
- Completed reload, in  0.935 seconds
Domain Reload Profiling:
	ReloadAssembly (936ms)
		BeginReloadAssembly (130ms)
			ExecutionOrderSort (0ms)
			DisableScriptedObjects (8ms)
			BackupInstance (0ms)
			ReleaseScriptingObjects (0ms)
			CreateAndSetChildDomain (24ms)
		EndReloadAssembly (697ms)
			LoadAssemblies (94ms)
			RebuildTransferFunctionScriptingTraits (0ms)
			SetupTypeCache (172ms)
			ReleaseScriptCaches (1ms)
			RebuildScriptCaches (53ms)
			SetupLoadedEditorAssemblies (313ms)
				LogAssemblyErrors (0ms)
				InitializePlatformSupportModulesInManaged (18ms)
				SetLoadedEditorAssemblies (1ms)
				RefreshPlugins (1ms)
				BeforeProcessingInitializeOnLoad (70ms)
				ProcessInitializeOnLoadAttributes (157ms)
				ProcessInitializeOnLoadMethodAttributes (58ms)
				AfterProcessingInitializeOnLoad (8ms)
				EditorAssembliesLoaded (0ms)
			ExecutionOrderSort2 (0ms)
			AwakeInstancesAfterBackupRestoration (17ms)
Platform modules already initialized, skipping
Refreshing native plugins compatible for Editor in 0.77 ms, found 6 plugins.
Preloading 0 native plugins for Editor in 0.00 ms.
Unloading 1842 Unused Serialized files (Serialized files now loaded: 0)
Unloading 75 unused Assets / (1.4 MB). Loaded Objects now: 2338.
Memory consumption went from 117.5 MB to 116.1 MB.
Total: 3.326900 ms (FindLiveObjects: 0.208700 ms CreateObjectMapping: 0.067400 ms MarkObjects: 2.319000 ms  DeleteObjects: 0.731100 ms)

AssetImportParameters requested are different than current active one (requested -> active):
  custom:video-decoder-ogg-theora: a1e56fd34408186e4bbccfd4996cb3dc -> 
  custom:container-muxer-webm: aa71ff27fc2769a1b78a27578f13a17b -> 
  custom:container-demuxer-webm: 4f35f7cbe854078d1ac9338744f61a02 -> 
  custom:video-encoder-webm-vp8: eb34c28f22e8b96e1ab97ce403110664 -> 
  custom:CustomObjectIndexerAttribute: bc11b3a6c3213fcdd17b65e7da85e133 -> 
  custom:audio-encoder-webm-vorbis: bf7c407c2cedff20999df2af8eb42d56 -> 
  custom:framework-win-MediaFoundation: 216162199b28c13a410421893ffa2e32 -> 
  custom:SearchIndexIgnoredProperties: e643bd26f0fe6173181afceb89e7c659 -> 
  custom:container-demuxer-ogg: 62fdf1f143b41e24485cea50d1cbac27 -> 
  custom:video-decoder-webm-vp8: 9c59270c3fd7afecdb556c50c9e8de78 -> 
  custom:audio-decoder-ogg-vorbis: bf7c407c2cedff20999df2af8eb42d56 -> 
========================================================================
Received Prepare
Registering precompiled user dll's ...
Registered in 0.028218 seconds.
Begin MonoManager ReloadAssembly
Symbol file LoadedFromMemory is not a mono symbol file
Native extension for WindowsStandalone target not found
Native extension for Android target not found
Native extension for WebGL target not found
Refreshing native plugins compatible for Editor in 0.76 ms, found 6 plugins.
Preloading 0 native plugins for Editor in 0.00 ms.
Mono: successfully reloaded assembly
- Completed reload, in  0.938 seconds
Domain Reload Profiling:
	ReloadAssembly (939ms)
		BeginReloadAssembly (142ms)
			ExecutionOrderSort (0ms)
			DisableScriptedObjects (8ms)
			BackupInstance (0ms)
			ReleaseScriptingObjects (0ms)
			CreateAndSetChildDomain (23ms)
		EndReloadAssembly (687ms)
			LoadAssemblies (108ms)
			RebuildTransferFunctionScriptingTraits (0ms)
			SetupTypeCache (169ms)
			ReleaseScriptCaches (1ms)
			RebuildScriptCaches (52ms)
			SetupLoadedEditorAssemblies (302ms)
				LogAssemblyErrors (0ms)
				InitializePlatformSupportModulesInManaged (18ms)
				SetLoadedEditorAssemblies (0ms)
				RefreshPlugins (1ms)
				BeforeProcessingInitializeOnLoad (69ms)
				ProcessInitializeOnLoadAttributes (150ms)
				ProcessInitializeOnLoadMethodAttributes (56ms)
				AfterProcessingInitializeOnLoad (8ms)
				EditorAssembliesLoaded (0ms)
			ExecutionOrderSort2 (0ms)
			AwakeInstancesAfterBackupRestoration (20ms)
Platform modules already initialized, skipping
Refreshing native plugins compatible for Editor in 0.75 ms, found 6 plugins.
Preloading 0 native plugins for Editor in 0.00 ms.
Unloading 1842 Unused Serialized files (Serialized files now loaded: 0)
Unloading 75 unused Assets / (1.4 MB). Loaded Objects now: 2341.
Memory consumption went from 117.5 MB to 116.1 MB.
Total: 3.094000 ms (FindLiveObjects: 0.205100 ms CreateObjectMapping: 0.046900 ms MarkObjects: 2.145200 ms  DeleteObjects: 0.695800 ms)

AssetImportParameters requested are different than current active one (requested -> active):
  custom:video-decoder-ogg-theora: a1e56fd34408186e4bbccfd4996cb3dc -> 
  custom:container-muxer-webm: aa71ff27fc2769a1b78a27578f13a17b -> 
  custom:container-demuxer-webm: 4f35f7cbe854078d1ac9338744f61a02 -> 
  custom:video-encoder-webm-vp8: eb34c28f22e8b96e1ab97ce403110664 -> 
  custom:CustomObjectIndexerAttribute: bc11b3a6c3213fcdd17b65e7da85e133 -> 
  custom:audio-encoder-webm-vorbis: bf7c407c2cedff20999df2af8eb42d56 -> 
  custom:framework-win-MediaFoundation: 216162199b28c13a410421893ffa2e32 -> 
  custom:SearchIndexIgnoredProperties: e643bd26f0fe6173181afceb89e7c659 -> 
  custom:container-demuxer-ogg: 62fdf1f143b41e24485cea50d1cbac27 -> 
  custom:video-decoder-webm-vp8: 9c59270c3fd7afecdb556c50c9e8de78 -> 
  custom:audio-decoder-ogg-vorbis: bf7c407c2cedff20999df2af8eb42d56 -> 
========================================================================
Received Prepare
Registering precompiled user dll's ...
Registered in 0.027195 seconds.
Begin MonoManager ReloadAssembly
Symbol file LoadedFromMemory is not a mono symbol file
Native extension for WindowsStandalone target not found
Native extension for Android target not found
Native extension for WebGL target not found
Refreshing native plugins compatible for Editor in 0.72 ms, found 6 plugins.
Preloading 0 native plugins for Editor in 0.00 ms.
Mono: successfully reloaded assembly
- Completed reload, in  0.953 seconds
Domain Reload Profiling:
	ReloadAssembly (954ms)
		BeginReloadAssembly (142ms)
			ExecutionOrderSort (0ms)
			DisableScriptedObjects (8ms)
			BackupInstance (0ms)
			ReleaseScriptingObjects (0ms)
			CreateAndSetChildDomain (24ms)
		EndReloadAssembly (703ms)
			LoadAssemblies (105ms)
			RebuildTransferFunctionScriptingTraits (0ms)
			SetupTypeCache (170ms)
			ReleaseScriptCaches (1ms)
			RebuildScriptCaches (52ms)
			SetupLoadedEditorAssemblies (310ms)
				LogAssemblyErrors (0ms)
				InitializePlatformSupportModulesInManaged (17ms)
				SetLoadedEditorAssemblies (1ms)
				RefreshPlugins (1ms)
				BeforeProcessingInitializeOnLoad (66ms)
				ProcessInitializeOnLoadAttributes (156ms)
				ProcessInitializeOnLoadMethodAttributes (62ms)
				AfterProcessingInitializeOnLoad (8ms)
				EditorAssembliesLoaded (0ms)
			ExecutionOrderSort2 (0ms)
			AwakeInstancesAfterBackupRestoration (35ms)
Platform modules already initialized, skipping
Refreshing native plugins compatible for Editor in 0.71 ms, found 6 plugins.
Preloading 0 native plugins for Editor in 0.00 ms.
Unloading 1842 Unused Serialized files (Serialized files now loaded: 0)
Unloading 75 unused Assets / (1.4 MB). Loaded Objects now: 2344.
Memory consumption went from 117.5 MB to 116.1 MB.
Total: 3.080100 ms (FindLiveObjects: 0.195500 ms CreateObjectMapping: 0.047400 ms MarkObjects: 2.132700 ms  DeleteObjects: 0.703300 ms)

AssetImportParameters requested are different than current active one (requested -> active):
  custom:video-decoder-ogg-theora: a1e56fd34408186e4bbccfd4996cb3dc -> 
  custom:container-muxer-webm: aa71ff27fc2769a1b78a27578f13a17b -> 
  custom:container-demuxer-webm: 4f35f7cbe854078d1ac9338744f61a02 -> 
  custom:video-encoder-webm-vp8: eb34c28f22e8b96e1ab97ce403110664 -> 
  custom:CustomObjectIndexerAttribute: bc11b3a6c3213fcdd17b65e7da85e133 -> 
  custom:audio-encoder-webm-vorbis: bf7c407c2cedff20999df2af8eb42d56 -> 
  custom:framework-win-MediaFoundation: 216162199b28c13a410421893ffa2e32 -> 
  custom:SearchIndexIgnoredProperties: e643bd26f0fe6173181afceb89e7c659 -> 
  custom:container-demuxer-ogg: 62fdf1f143b41e24485cea50d1cbac27 -> 
  custom:video-decoder-webm-vp8: 9c59270c3fd7afecdb556c50c9e8de78 -> 
  custom:audio-decoder-ogg-vorbis: bf7c407c2cedff20999df2af8eb42d56 -> 
========================================================================
Received Prepare
Registering precompiled user dll's ...
Registered in 0.034517 seconds.
Begin MonoManager ReloadAssembly
Symbol file LoadedFromMemory is not a mono symbol file
Native extension for WindowsStandalone target not found
Native extension for Android target not found
Native extension for WebGL target not found
Refreshing native plugins compatible for Editor in 0.74 ms, found 6 plugins.
Preloading 0 native plugins for Editor in 0.00 ms.
Mono: successfully reloaded assembly
- Completed reload, in  0.931 seconds
Domain Reload Profiling:
	ReloadAssembly (932ms)
		BeginReloadAssembly (146ms)
			ExecutionOrderSort (0ms)
			DisableScriptedObjects (8ms)
			BackupInstance (0ms)
			ReleaseScriptingObjects (0ms)
			CreateAndSetChildDomain (24ms)
		EndReloadAssembly (678ms)
			LoadAssemblies (106ms)
			RebuildTransferFunctionScriptingTraits (0ms)
			SetupTypeCache (172ms)
			ReleaseScriptCaches (1ms)
			RebuildScriptCaches (51ms)
			SetupLoadedEditorAssemblies (297ms)
				LogAssemblyErrors (0ms)
				InitializePlatformSupportModulesInManaged (18ms)
				SetLoadedEditorAssemblies (0ms)
				RefreshPlugins (1ms)
				BeforeProcessingInitializeOnLoad (66ms)
				ProcessInitializeOnLoadAttributes (148ms)
				ProcessInitializeOnLoadMethodAttributes (55ms)
				AfterProcessingInitializeOnLoad (8ms)
				EditorAssembliesLoaded (0ms)
			ExecutionOrderSort2 (0ms)
			AwakeInstancesAfterBackupRestoration (19ms)
Platform modules already initialized, skipping
Refreshing native plugins compatible for Editor in 0.83 ms, found 6 plugins.
Preloading 0 native plugins for Editor in 0.00 ms.
Unloading 1842 Unused Serialized files (Serialized files now loaded: 0)
Unloading 75 unused Assets / (1.4 MB). Loaded Objects now: 2347.
Memory consumption went from 117.5 MB to 116.1 MB.
Total: 3.446900 ms (FindLiveObjects: 0.208100 ms CreateObjectMapping: 0.065000 ms MarkObjects: 2.418500 ms  DeleteObjects: 0.754400 ms)

AssetImportParameters requested are different than current active one (requested -> active):
  custom:video-decoder-ogg-theora: a1e56fd34408186e4bbccfd4996cb3dc -> 
  custom:container-muxer-webm: aa71ff27fc2769a1b78a27578f13a17b -> 
  custom:container-demuxer-webm: 4f35f7cbe854078d1ac9338744f61a02 -> 
  custom:video-encoder-webm-vp8: eb34c28f22e8b96e1ab97ce403110664 -> 
  custom:CustomObjectIndexerAttribute: bc11b3a6c3213fcdd17b65e7da85e133 -> 
  custom:audio-encoder-webm-vorbis: bf7c407c2cedff20999df2af8eb42d56 -> 
  custom:framework-win-MediaFoundation: 216162199b28c13a410421893ffa2e32 -> 
  custom:SearchIndexIgnoredProperties: e643bd26f0fe6173181afceb89e7c659 -> 
  custom:container-demuxer-ogg: 62fdf1f143b41e24485cea50d1cbac27 -> 
  custom:video-decoder-webm-vp8: 9c59270c3fd7afecdb556c50c9e8de78 -> 
  custom:audio-decoder-ogg-vorbis: bf7c407c2cedff20999df2af8eb42d56 -> 
========================================================================
Received Prepare
Registering precompiled user dll's ...
Registered in 0.028036 seconds.
Begin MonoManager ReloadAssembly
Symbol file LoadedFromMemory is not a mono symbol file
Native extension for WindowsStandalone target not found
Native extension for Android target not found
Native extension for WebGL target not found
Refreshing native plugins compatible for Editor in 0.73 ms, found 6 plugins.
Preloading 0 native plugins for Editor in 0.00 ms.
Mono: successfully reloaded assembly
- Completed reload, in  0.920 seconds
Domain Reload Profiling:
	ReloadAssembly (922ms)
		BeginReloadAssembly (136ms)
			ExecutionOrderSort (0ms)
			DisableScriptedObjects (11ms)
			BackupInstance (0ms)
			ReleaseScriptingObjects (0ms)
			CreateAndSetChildDomain (26ms)
		EndReloadAssembly (677ms)
			LoadAssemblies (95ms)
			RebuildTransferFunctionScriptingTraits (0ms)
			SetupTypeCache (171ms)
			ReleaseScriptCaches (1ms)
			RebuildScriptCaches (52ms)
			SetupLoadedEditorAssemblies (301ms)
				LogAssemblyErrors (0ms)
				InitializePlatformSupportModulesInManaged (18ms)
				SetLoadedEditorAssemblies (0ms)
				RefreshPlugins (1ms)
				BeforeProcessingInitializeOnLoad (67ms)
				ProcessInitializeOnLoadAttributes (151ms)
				ProcessInitializeOnLoadMethodAttributes (56ms)
				AfterProcessingInitializeOnLoad (8ms)
				EditorAssembliesLoaded (0ms)
			ExecutionOrderSort2 (0ms)
			AwakeInstancesAfterBackupRestoration (16ms)
Platform modules already initialized, skipping
Refreshing native plugins compatible for Editor in 0.79 ms, found 6 plugins.
Preloading 0 native plugins for Editor in 0.00 ms.
Unloading 1842 Unused Serialized files (Serialized files now loaded: 0)
Unloading 75 unused Assets / (1.4 MB). Loaded Objects now: 2350.
Memory consumption went from 117.6 MB to 116.2 MB.
Total: 3.371100 ms (FindLiveObjects: 0.203300 ms CreateObjectMapping: 0.065400 ms MarkObjects: 2.324700 ms  DeleteObjects: 0.776500 ms)

AssetImportParameters requested are different than current active one (requested -> active):
  custom:video-decoder-ogg-theora: a1e56fd34408186e4bbccfd4996cb3dc -> 
  custom:container-muxer-webm: aa71ff27fc2769a1b78a27578f13a17b -> 
  custom:container-demuxer-webm: 4f35f7cbe854078d1ac9338744f61a02 -> 
  custom:video-encoder-webm-vp8: eb34c28f22e8b96e1ab97ce403110664 -> 
  custom:CustomObjectIndexerAttribute: bc11b3a6c3213fcdd17b65e7da85e133 -> 
  custom:audio-encoder-webm-vorbis: bf7c407c2cedff20999df2af8eb42d56 -> 
  custom:framework-win-MediaFoundation: 216162199b28c13a410421893ffa2e32 -> 
  custom:SearchIndexIgnoredProperties: e643bd26f0fe6173181afceb89e7c659 -> 
  custom:container-demuxer-ogg: 62fdf1f143b41e24485cea50d1cbac27 -> 
  custom:video-decoder-webm-vp8: 9c59270c3fd7afecdb556c50c9e8de78 -> 
  custom:audio-decoder-ogg-vorbis: bf7c407c2cedff20999df2af8eb42d56 -> 
========================================================================
Received Prepare
Refreshing native plugins compatible for Editor in 16.97 ms, found 6 plugins.
Preloading 0 native plugins for Editor in 0.00 ms.
Unloading 73 Unused Serialized files (Serialized files now loaded: 0)
Unloading 73 unused Assets / (1.4 MB). Loaded Objects now: 2350.
Memory consumption went from 82.0 MB to 80.6 MB.
Total: 3.334400 ms (FindLiveObjects: 0.213200 ms CreateObjectMapping: 0.051500 ms MarkObjects: 2.322100 ms  DeleteObjects: 0.747000 ms)

AssetImportParameters requested are different than current active one (requested -> active):
  custom:video-decoder-ogg-theora: a1e56fd34408186e4bbccfd4996cb3dc -> 
  custom:container-muxer-webm: aa71ff27fc2769a1b78a27578f13a17b -> 
  custom:container-demuxer-webm: 4f35f7cbe854078d1ac9338744f61a02 -> 
  custom:video-encoder-webm-vp8: eb34c28f22e8b96e1ab97ce403110664 -> 
  custom:CustomObjectIndexerAttribute: bc11b3a6c3213fcdd17b65e7da85e133 -> 
  custom:audio-encoder-webm-vorbis: bf7c407c2cedff20999df2af8eb42d56 -> 
  custom:framework-win-MediaFoundation: 216162199b28c13a410421893ffa2e32 -> 
  custom:SearchIndexIgnoredProperties: e643bd26f0fe6173181afceb89e7c659 -> 
  custom:container-demuxer-ogg: 62fdf1f143b41e24485cea50d1cbac27 -> 
  custom:video-decoder-webm-vp8: 9c59270c3fd7afecdb556c50c9e8de78 -> 
  custom:audio-decoder-ogg-vorbis: bf7c407c2cedff20999df2af8eb42d56 -> 
========================================================================
Received Prepare
Registering precompiled user dll's ...
Registered in 0.030558 seconds.
Begin MonoManager ReloadAssembly
Symbol file LoadedFromMemory is not a mono symbol file
Native extension for WindowsStandalone target not found
Native extension for Android target not found
Native extension for WebGL target not found
Refreshing native plugins compatible for Editor in 0.73 ms, found 6 plugins.
Preloading 0 native plugins for Editor in 0.00 ms.
Mono: successfully reloaded assembly
- Completed reload, in  0.934 seconds
Domain Reload Profiling:
	ReloadAssembly (936ms)
		BeginReloadAssembly (144ms)
			ExecutionOrderSort (0ms)
			DisableScriptedObjects (8ms)
			BackupInstance (0ms)
			ReleaseScriptingObjects (0ms)
			CreateAndSetChildDomain (26ms)
		EndReloadAssembly (680ms)
			LoadAssemblies (102ms)
			RebuildTransferFunctionScriptingTraits (0ms)
			SetupTypeCache (172ms)
			ReleaseScriptCaches (1ms)
			RebuildScriptCaches (53ms)
			SetupLoadedEditorAssemblies (306ms)
				LogAssemblyErrors (0ms)
				InitializePlatformSupportModulesInManaged (17ms)
				SetLoadedEditorAssemblies (0ms)
				RefreshPlugins (1ms)
				BeforeProcessingInitializeOnLoad (68ms)
				ProcessInitializeOnLoadAttributes (153ms)
				ProcessInitializeOnLoadMethodAttributes (58ms)
				AfterProcessingInitializeOnLoad (8ms)
				EditorAssembliesLoaded (0ms)
			ExecutionOrderSort2 (0ms)
			AwakeInstancesAfterBackupRestoration (16ms)
Platform modules already initialized, skipping
Refreshing native plugins compatible for Editor in 0.76 ms, found 6 plugins.
Preloading 0 native plugins for Editor in 0.00 ms.
Unloading 1842 Unused Serialized files (Serialized files now loaded: 0)
Unloading 75 unused Assets / (1.4 MB). Loaded Objects now: 2353.
Memory consumption went from 117.6 MB to 116.2 MB.
Total: 3.441600 ms (FindLiveObjects: 0.209900 ms CreateObjectMapping: 0.066600 ms MarkObjects: 2.327500 ms  DeleteObjects: 0.836500 ms)

AssetImportParameters requested are different than current active one (requested -> active):
  custom:video-decoder-ogg-theora: a1e56fd34408186e4bbccfd4996cb3dc -> 
  custom:container-muxer-webm: aa71ff27fc2769a1b78a27578f13a17b -> 
  custom:container-demuxer-webm: 4f35f7cbe854078d1ac9338744f61a02 -> 
  custom:video-encoder-webm-vp8: eb34c28f22e8b96e1ab97ce403110664 -> 
  custom:CustomObjectIndexerAttribute: bc11b3a6c3213fcdd17b65e7da85e133 -> 
  custom:audio-encoder-webm-vorbis: bf7c407c2cedff20999df2af8eb42d56 -> 
  custom:framework-win-MediaFoundation: 216162199b28c13a410421893ffa2e32 -> 
  custom:SearchIndexIgnoredProperties: e643bd26f0fe6173181afceb89e7c659 -> 
  custom:container-demuxer-ogg: 62fdf1f143b41e24485cea50d1cbac27 -> 
  custom:video-decoder-webm-vp8: 9c59270c3fd7afecdb556c50c9e8de78 -> 
  custom:audio-decoder-ogg-vorbis: bf7c407c2cedff20999df2af8eb42d56 -> 
========================================================================
Received Prepare
Refreshing native plugins compatible for Editor in 17.16 ms, found 6 plugins.
Preloading 0 native plugins for Editor in 0.00 ms.
Unloading 73 Unused Serialized files (Serialized files now loaded: 0)
Unloading 73 unused Assets / (1.4 MB). Loaded Objects now: 2353.
Memory consumption went from 82.1 MB to 80.7 MB.
Total: 3.327300 ms (FindLiveObjects: 0.214900 ms CreateObjectMapping: 0.058300 ms MarkObjects: 2.245400 ms  DeleteObjects: 0.807900 ms)

AssetImportParameters requested are different than current active one (requested -> active):
  custom:video-decoder-ogg-theora: a1e56fd34408186e4bbccfd4996cb3dc -> 
  custom:container-muxer-webm: aa71ff27fc2769a1b78a27578f13a17b -> 
  custom:container-demuxer-webm: 4f35f7cbe854078d1ac9338744f61a02 -> 
  custom:video-encoder-webm-vp8: eb34c28f22e8b96e1ab97ce403110664 -> 
  custom:CustomObjectIndexerAttribute: bc11b3a6c3213fcdd17b65e7da85e133 -> 
  custom:audio-encoder-webm-vorbis: bf7c407c2cedff20999df2af8eb42d56 -> 
  custom:framework-win-MediaFoundation: 216162199b28c13a410421893ffa2e32 -> 
  custom:SearchIndexIgnoredProperties: e643bd26f0fe6173181afceb89e7c659 -> 
  custom:container-demuxer-ogg: 62fdf1f143b41e24485cea50d1cbac27 -> 
  custom:video-decoder-webm-vp8: 9c59270c3fd7afecdb556c50c9e8de78 -> 
  custom:audio-decoder-ogg-vorbis: bf7c407c2cedff20999df2af8eb42d56 -> 
========================================================================
Received Prepare
Refreshing native plugins compatible for Editor in 18.80 ms, found 6 plugins.
Preloading 0 native plugins for Editor in 0.00 ms.
Unloading 73 Unused Serialized files (Serialized files now loaded: 0)
Unloading 73 unused Assets / (1.4 MB). Loaded Objects now: 2353.
Memory consumption went from 81.9 MB to 80.5 MB.
Total: 4.160200 ms (FindLiveObjects: 0.220500 ms CreateObjectMapping: 0.056800 ms MarkObjects: 2.887400 ms  DeleteObjects: 0.994800 ms)

AssetImportParameters requested are different than current active one (requested -> active):
  custom:video-decoder-ogg-theora: a1e56fd34408186e4bbccfd4996cb3dc -> 
  custom:container-muxer-webm: aa71ff27fc2769a1b78a27578f13a17b -> 
  custom:container-demuxer-webm: 4f35f7cbe854078d1ac9338744f61a02 -> 
  custom:video-encoder-webm-vp8: eb34c28f22e8b96e1ab97ce403110664 -> 
  custom:CustomObjectIndexerAttribute: bc11b3a6c3213fcdd17b65e7da85e133 -> 
  custom:audio-encoder-webm-vorbis: bf7c407c2cedff20999df2af8eb42d56 -> 
  custom:framework-win-MediaFoundation: 216162199b28c13a410421893ffa2e32 -> 
  custom:SearchIndexIgnoredProperties: e643bd26f0fe6173181afceb89e7c659 -> 
  custom:container-demuxer-ogg: 62fdf1f143b41e24485cea50d1cbac27 -> 
  custom:video-decoder-webm-vp8: 9c59270c3fd7afecdb556c50c9e8de78 -> 
  custom:audio-decoder-ogg-vorbis: bf7c407c2cedff20999df2af8eb42d56 -> 
========================================================================
Received Import Request.
  Time since last request: 6305.254089 seconds.
  path: Assets/Games/Puzzle/Puzzle 2 Garden/躲藏无背景/躲藏无背景0069.png
  artifactKey: Guid(7be2d063ddc734d5881602963092dbe0) Importer(815301076,1909f56bfc062723c751e8b465ee728b)
Number of updated assets reloaded before import = 0
Start importing Assets/Games/Puzzle/Puzzle 2 Garden/躲藏无背景/躲藏无背景0069.png using Guid(7be2d063ddc734d5881602963092dbe0) Importer(815301076,1909f56bfc062723c751e8b465ee728b)  -> (artifact id: '205239f74004ac60c5dd8838ba7f4d6c') in 0.382879 seconds 
Number of asset objects unloaded after import = 3
========================================================================
Received Import Request.
  Time since last request: 0.000023 seconds.
  path: Assets/Games/Puzzle/Puzzle 2 Garden/躲藏无背景/躲藏无背景0061.png
  artifactKey: Guid(5c960decfd7134475bc060a7e3cf65f8) Importer(815301076,1909f56bfc062723c751e8b465ee728b)
Number of updated assets reloaded before import = 0
Start importing Assets/Games/Puzzle/Puzzle 2 Garden/躲藏无背景/躲藏无背景0061.png using Guid(5c960decfd7134475bc060a7e3cf65f8) Importer(815301076,1909f56bfc062723c751e8b465ee728b)  -> (artifact id: 'a763c552ab76e1d2e6c0f20be69ad4b3') in 0.222442 seconds 
Number of asset objects unloaded after import = 3
========================================================================
Received Import Request.
  Time since last request: 0.000029 seconds.
  path: Assets/Games/Puzzle/Puzzle 2 Garden/躲藏无背景/躲藏无背景0063.png
  artifactKey: Guid(f526d9e25b4b0415f8cda4ecb487d4b6) Importer(815301076,1909f56bfc062723c751e8b465ee728b)
Number of updated assets reloaded before import = 0
Start importing Assets/Games/Puzzle/Puzzle 2 Garden/躲藏无背景/躲藏无背景0063.png using Guid(f526d9e25b4b0415f8cda4ecb487d4b6) Importer(815301076,1909f56bfc062723c751e8b465ee728b)  -> (artifact id: '33349df67b05e1249f189ec84626c134') in 0.253519 seconds 
Number of asset objects unloaded after import = 3
========================================================================
Received Import Request.
  Time since last request: 0.000018 seconds.
  path: Assets/Games/Puzzle/Puzzle 2 Garden/躲藏无背景/躲藏无背景0039.png
  artifactKey: Guid(696ebe86709674e619cd33f6df5f775a) Importer(815301076,1909f56bfc062723c751e8b465ee728b)
Number of updated assets reloaded before import = 0
Start importing Assets/Games/Puzzle/Puzzle 2 Garden/躲藏无背景/躲藏无背景0039.png using Guid(696ebe86709674e619cd33f6df5f775a) Importer(815301076,1909f56bfc062723c751e8b465ee728b)  -> (artifact id: 'b9369e4598d74c7aa421ad58ab951f35') in 0.233273 seconds 
Number of asset objects unloaded after import = 3
========================================================================
Received Import Request.
  Time since last request: 0.000023 seconds.
  path: Assets/Games/Puzzle/Puzzle 2 Garden/躲藏无背景/躲藏无背景0038.png
  artifactKey: Guid(cf58f969154f04702b58209523edfbaf) Importer(815301076,1909f56bfc062723c751e8b465ee728b)
Number of updated assets reloaded before import = 0
Start importing Assets/Games/Puzzle/Puzzle 2 Garden/躲藏无背景/躲藏无背景0038.png using Guid(cf58f969154f04702b58209523edfbaf) Importer(815301076,1909f56bfc062723c751e8b465ee728b)  -> (artifact id: 'd4537f8f0951cc1a16e1c9283a5b4fee') in 0.219767 seconds 
Number of asset objects unloaded after import = 3
========================================================================
Received Import Request.
  Time since last request: 0.000019 seconds.
  path: Assets/Games/Puzzle/Puzzle 2 Garden/躲藏无背景/躲藏无背景0048.png
  artifactKey: Guid(7cafe3918ef08421e9081a4d78420387) Importer(815301076,1909f56bfc062723c751e8b465ee728b)
Number of updated assets reloaded before import = 0
Start importing Assets/Games/Puzzle/Puzzle 2 Garden/躲藏无背景/躲藏无背景0048.png using Guid(7cafe3918ef08421e9081a4d78420387) Importer(815301076,1909f56bfc062723c751e8b465ee728b)  -> (artifact id: 'f3ef5f9c8b1239e0ba8ac8371d1b5223') in 0.205202 seconds 
Number of asset objects unloaded after import = 3
========================================================================
Received Import Request.
  Time since last request: 0.000025 seconds.
  path: Assets/Games/Puzzle/Puzzle 2 Garden/躲藏无背景/躲藏无背景0049.png
  artifactKey: Guid(e2ab720d8e5ca4b95ab1fa48d7072bf0) Importer(815301076,1909f56bfc062723c751e8b465ee728b)
Number of updated assets reloaded before import = 0
Start importing Assets/Games/Puzzle/Puzzle 2 Garden/躲藏无背景/躲藏无背景0049.png using Guid(e2ab720d8e5ca4b95ab1fa48d7072bf0) Importer(815301076,1909f56bfc062723c751e8b465ee728b)  -> (artifact id: 'dbcfe738fb779d88e0436e52b57460d5') in 0.216456 seconds 
Number of asset objects unloaded after import = 3
========================================================================
Received Import Request.
  Time since last request: 0.000015 seconds.
  path: Assets/Games/Puzzle/Puzzle 2 Garden/躲藏无背景/躲藏无背景0045.png
  artifactKey: Guid(1b9575c0c9c7a444c9dc006486f34754) Importer(815301076,1909f56bfc062723c751e8b465ee728b)
Number of updated assets reloaded before import = 0
Start importing Assets/Games/Puzzle/Puzzle 2 Garden/躲藏无背景/躲藏无背景0045.png using Guid(1b9575c0c9c7a444c9dc006486f34754) Importer(815301076,1909f56bfc062723c751e8b465ee728b)  -> (artifact id: 'ce2d61813468fe2c7dc257aa5bbe4b64') in 0.233708 seconds 
Number of asset objects unloaded after import = 3
========================================================================
Received Import Request.
  Time since last request: 0.000019 seconds.
  path: Assets/Games/Puzzle/Puzzle 2 Garden/躲藏无背景/躲藏无背景0056.png
  artifactKey: Guid(bc7a2151e37db4a30bfb4072e8a011cf) Importer(815301076,1909f56bfc062723c751e8b465ee728b)
Number of updated assets reloaded before import = 0
Start importing Assets/Games/Puzzle/Puzzle 2 Garden/躲藏无背景/躲藏无背景0056.png using Guid(bc7a2151e37db4a30bfb4072e8a011cf) Importer(815301076,1909f56bfc062723c751e8b465ee728b)  -> (artifact id: '0c202f69b3f4225b25912059495a9e64') in 0.242262 seconds 
Number of asset objects unloaded after import = 3
========================================================================
Received Import Request.
  Time since last request: 0.000023 seconds.
  path: Assets/Games/Puzzle/Puzzle 2 Garden/躲藏无背景/躲藏无背景0067.png
  artifactKey: Guid(a5df96d8a0cff456b8087529b27675fe) Importer(815301076,1909f56bfc062723c751e8b465ee728b)
Number of updated assets reloaded before import = 0
Start importing Assets/Games/Puzzle/Puzzle 2 Garden/躲藏无背景/躲藏无背景0067.png using Guid(a5df96d8a0cff456b8087529b27675fe) Importer(815301076,1909f56bfc062723c751e8b465ee728b)  -> (artifact id: 'c7fe3b338445877bfd69acc41bd7b6f7') in 0.220996 seconds 
Number of asset objects unloaded after import = 3
========================================================================
Received Import Request.
  Time since last request: 0.000023 seconds.
  path: Assets/Games/Puzzle/Puzzle 2 Garden/躲藏无背景/躲藏无背景0018.png
  artifactKey: Guid(0881592adfeae4ac7b95e3c41fde1912) Importer(815301076,1909f56bfc062723c751e8b465ee728b)
Number of updated assets reloaded before import = 0
Start importing Assets/Games/Puzzle/Puzzle 2 Garden/躲藏无背景/躲藏无背景0018.png using Guid(0881592adfeae4ac7b95e3c41fde1912) Importer(815301076,1909f56bfc062723c751e8b465ee728b)  -> (artifact id: 'b2c4bc5b18db38c561ea3d9d3fadb2dd') in 0.261805 seconds 
Number of asset objects unloaded after import = 3
========================================================================
Received Import Request.
  Time since last request: 0.000031 seconds.
  path: Assets/Games/Puzzle/Puzzle 2 Garden/走出提娃娃无背景/走出无背景0053.png
  artifactKey: Guid(bf2539026493647ecb7ee464c1776443) Importer(815301076,1909f56bfc062723c751e8b465ee728b)
Number of updated assets reloaded before import = 0
Start importing Assets/Games/Puzzle/Puzzle 2 Garden/走出提娃娃无背景/走出无背景0053.png using Guid(bf2539026493647ecb7ee464c1776443) Importer(815301076,1909f56bfc062723c751e8b465ee728b)  -> (artifact id: 'cdacf0a8dd6cff75bbbd4fa76ab85ae5') in 0.288247 seconds 
Number of asset objects unloaded after import = 3
========================================================================
Received Import Request.
  Time since last request: 0.000021 seconds.
  path: Assets/Games/Garden/zq/待机序列帧/待机30099.png
  artifactKey: Guid(78128fb6264984df1b957addf999ac10) Importer(815301076,1909f56bfc062723c751e8b465ee728b)
Number of updated assets reloaded before import = 0
Start importing Assets/Games/Garden/zq/待机序列帧/待机30099.png using Guid(78128fb6264984df1b957addf999ac10) Importer(815301076,1909f56bfc062723c751e8b465ee728b)  -> (artifact id: '57e8bddf2af5edc2278f7f253b470d17') in 0.079334 seconds 
Number of asset objects unloaded after import = 3
========================================================================
Received Import Request.
  Time since last request: 0.000033 seconds.
  path: Assets/Games/Garden/zq/待机序列帧/待机30097.png
  artifactKey: Guid(678b4f52992c24e8a885ea32fa5e96e7) Importer(815301076,1909f56bfc062723c751e8b465ee728b)
Number of updated assets reloaded before import = 0
Start importing Assets/Games/Garden/zq/待机序列帧/待机30097.png using Guid(678b4f52992c24e8a885ea32fa5e96e7) Importer(815301076,1909f56bfc062723c751e8b465ee728b)  -> (artifact id: '9568ad4b8fafd3cc9536cbee75eae202') in 0.059447 seconds 
Number of asset objects unloaded after import = 3
========================================================================
Received Import Request.
  Time since last request: 0.000020 seconds.
  path: Assets/Games/Garden/717-assets/组1.png
  artifactKey: Guid(e1b076015a5bf4562b2242faf039a58d) Importer(815301076,1909f56bfc062723c751e8b465ee728b)
Number of updated assets reloaded before import = 0
Start importing Assets/Games/Garden/717-assets/组1.png using Guid(e1b076015a5bf4562b2242faf039a58d) Importer(815301076,1909f56bfc062723c751e8b465ee728b)  -> (artifact id: '8a69ecd1c62e1d8863d71a6527a6d58b') in 0.040262 seconds 
Number of asset objects unloaded after import = 3
========================================================================
Received Import Request.
  Time since last request: 0.000017 seconds.
  path: Assets/Games/Puzzle/Puzzle 2 Garden/躲藏无背景/躲藏无背景0036.png
  artifactKey: Guid(91b0cf950bbb94dff854c9ca3bad9627) Importer(815301076,1909f56bfc062723c751e8b465ee728b)
Number of updated assets reloaded before import = 0
Start importing Assets/Games/Puzzle/Puzzle 2 Garden/躲藏无背景/躲藏无背景0036.png using Guid(91b0cf950bbb94dff854c9ca3bad9627) Importer(815301076,1909f56bfc062723c751e8b465ee728b)  -> (artifact id: '1b44c0d24f3d0dc4c4eded86cacad48b') in 0.224271 seconds 
Number of asset objects unloaded after import = 3
========================================================================
Received Import Request.
  Time since last request: 0.000022 seconds.
  path: Assets/Games/Garden/zq/待机序列帧/待机30017.png
  artifactKey: Guid(fcb737836667344beaa0b70a1c269322) Importer(815301076,1909f56bfc062723c751e8b465ee728b)
Number of updated assets reloaded before import = 0
Start importing Assets/Games/Garden/zq/待机序列帧/待机30017.png using Guid(fcb737836667344beaa0b70a1c269322) Importer(815301076,1909f56bfc062723c751e8b465ee728b)  -> (artifact id: 'a2786d4bbabad90cda370b39f844c2a1') in 0.062204 seconds 
Number of asset objects unloaded after import = 3
========================================================================
Received Import Request.
  Time since last request: 0.000028 seconds.
  path: Assets/Games/Garden/zq/待机序列帧/待机30013.png
  artifactKey: Guid(ec2726429da0c4bd4a6dd2139d713e26) Importer(815301076,1909f56bfc062723c751e8b465ee728b)
Number of updated assets reloaded before import = 0
Start importing Assets/Games/Garden/zq/待机序列帧/待机30013.png using Guid(ec2726429da0c4bd4a6dd2139d713e26) Importer(815301076,1909f56bfc062723c751e8b465ee728b)  -> (artifact id: 'ada22a7b17f8bdb763368905e81f36e3') in 0.069385 seconds 
Number of asset objects unloaded after import = 3
========================================================================
Received Import Request.
  Time since last request: 0.000019 seconds.
  path: Assets/Games/Puzzle/Puzzle 2 Garden/秋千/荡秋千-45（拖移项目）.tiff
  artifactKey: Guid(42c667372130741c58696eefc30078c5) Importer(815301076,1909f56bfc062723c751e8b465ee728b)
Number of updated assets reloaded before import = 0
Start importing Assets/Games/Puzzle/Puzzle 2 Garden/秋千/荡秋千-45（拖移项目）.tiff using Guid(42c667372130741c58696eefc30078c5) Importer(815301076,1909f56bfc062723c751e8b465ee728b)  -> (artifact id: 'bf59138aa61a608b95fd35935525fe03') in 0.079474 seconds 
Number of asset objects unloaded after import = 3
========================================================================
Received Import Request.
  Time since last request: 0.000020 seconds.
  path: Assets/Games/Puzzle/Puzzle 2 Garden/走出提娃娃无背景/走出无背景0049.png
  artifactKey: Guid(0817c3befaee34800bbee977135fd110) Importer(815301076,1909f56bfc062723c751e8b465ee728b)
Number of updated assets reloaded before import = 0
Start importing Assets/Games/Puzzle/Puzzle 2 Garden/走出提娃娃无背景/走出无背景0049.png using Guid(0817c3befaee34800bbee977135fd110) Importer(815301076,1909f56bfc062723c751e8b465ee728b)  -> (artifact id: '9577f94dd2d668da5e081e9c61654374') in 0.239680 seconds 
Number of asset objects unloaded after import = 3
========================================================================
Received Import Request.
  Time since last request: 0.000020 seconds.
  path: Assets/Games/Puzzle/Puzzle 2 Garden/躲藏无背景/躲藏无背景0030.png
  artifactKey: Guid(31ab5d19945ff48ebb79db3b4eb86ad4) Importer(815301076,1909f56bfc062723c751e8b465ee728b)
Number of updated assets reloaded before import = 0
Start importing Assets/Games/Puzzle/Puzzle 2 Garden/躲藏无背景/躲藏无背景0030.png using Guid(31ab5d19945ff48ebb79db3b4eb86ad4) Importer(815301076,1909f56bfc062723c751e8b465ee728b)  -> (artifact id: 'd67a143e90ab8a7c58e9bfb51319ac04') in 0.218819 seconds 
Number of asset objects unloaded after import = 3
========================================================================
Received Import Request.
  Time since last request: 0.000029 seconds.
  path: Assets/Games/Garden/zq/待机序列帧/待机30019.png
  artifactKey: Guid(8ddd7fcb4c22f4b2380bc239939683fe) Importer(815301076,1909f56bfc062723c751e8b465ee728b)
Number of updated assets reloaded before import = 0
Start importing Assets/Games/Garden/zq/待机序列帧/待机30019.png using Guid(8ddd7fcb4c22f4b2380bc239939683fe) Importer(815301076,1909f56bfc062723c751e8b465ee728b)  -> (artifact id: '4d587343f158b3687ac43b82e62c5b2c') in 0.064601 seconds 
Number of asset objects unloaded after import = 3
========================================================================
Received Import Request.
  Time since last request: 0.000019 seconds.
  path: Assets/Games/Garden/zq/待机序列帧/待机30014.png
  artifactKey: Guid(77102aaf032ac421386f54726763569e) Importer(815301076,1909f56bfc062723c751e8b465ee728b)
Number of updated assets reloaded before import = 0
Start importing Assets/Games/Garden/zq/待机序列帧/待机30014.png using Guid(77102aaf032ac421386f54726763569e) Importer(815301076,1909f56bfc062723c751e8b465ee728b)  -> (artifact id: 'd04b07811851a0567f4b25a7eae6e649') in 0.060829 seconds 
Number of asset objects unloaded after import = 3
========================================================================
Received Import Request.
  Time since last request: 0.000018 seconds.
  path: Assets/Games/Puzzle/Puzzle 2 Garden/躲藏无背景/躲藏无背景0014.png
  artifactKey: Guid(998d3025adf2f42cf98e9e7a1b482eaa) Importer(815301076,1909f56bfc062723c751e8b465ee728b)
Number of updated assets reloaded before import = 0
Start importing Assets/Games/Puzzle/Puzzle 2 Garden/躲藏无背景/躲藏无背景0014.png using Guid(998d3025adf2f42cf98e9e7a1b482eaa) Importer(815301076,1909f56bfc062723c751e8b465ee728b)  -> (artifact id: 'c6e7f9edfb817523fbf5ebdf11cfeddb') in 0.263393 seconds 
Number of asset objects unloaded after import = 3
========================================================================
Received Import Request.
  Time since last request: 0.000020 seconds.
  path: Assets/Games/Puzzle/Puzzle 2 Garden/走出提娃娃无背景/走出无背景0046.png
  artifactKey: Guid(4b2882bfaeb904afd88dd601311d3c39) Importer(815301076,1909f56bfc062723c751e8b465ee728b)
Number of updated assets reloaded before import = 0
Start importing Assets/Games/Puzzle/Puzzle 2 Garden/走出提娃娃无背景/走出无背景0046.png using Guid(4b2882bfaeb904afd88dd601311d3c39) Importer(815301076,1909f56bfc062723c751e8b465ee728b)  -> (artifact id: '8b8a69f393429fc806a7fcb1458c2d93') in 0.279260 seconds 
Number of asset objects unloaded after import = 3
========================================================================
Received Import Request.
  Time since last request: 0.000029 seconds.
  path: Assets/Games/Puzzle/Puzzle 2 Garden/秋千/荡秋千-14（拖移项目）.tiff
  artifactKey: Guid(b57624e5f038b4a6598af795f33951c1) Importer(815301076,1909f56bfc062723c751e8b465ee728b)
Number of updated assets reloaded before import = 0
Start importing Assets/Games/Puzzle/Puzzle 2 Garden/秋千/荡秋千-14（拖移项目）.tiff using Guid(b57624e5f038b4a6598af795f33951c1) Importer(815301076,1909f56bfc062723c751e8b465ee728b)  -> (artifact id: '0f8dc949b93aaccb52e4755936373c5b') in 0.058776 seconds 
Number of asset objects unloaded after import = 3
========================================================================
Received Import Request.
  Time since last request: 0.000020 seconds.
  path: Assets/Games/Puzzle/Puzzle 1 Pictures/拼图切图-13.png
  artifactKey: Guid(724329c818885492c9fb548322782888) Importer(815301076,1909f56bfc062723c751e8b465ee728b)
Number of updated assets reloaded before import = 0
Start importing Assets/Games/Puzzle/Puzzle 1 Pictures/拼图切图-13.png using Guid(724329c818885492c9fb548322782888) Importer(815301076,1909f56bfc062723c751e8b465ee728b)  -> (artifact id: '55a7fddcfd1c7687b519aa8093b94b17') in 0.026460 seconds 
Number of asset objects unloaded after import = 3
========================================================================
Received Import Request.
  Time since last request: 0.000023 seconds.
  path: Assets/Games/Garden/zq/待机序列帧/待机30015.png
  artifactKey: Guid(7909548eff8e349b6a5976a0b130aebd) Importer(815301076,1909f56bfc062723c751e8b465ee728b)
Number of updated assets reloaded before import = 0
Start importing Assets/Games/Garden/zq/待机序列帧/待机30015.png using Guid(7909548eff8e349b6a5976a0b130aebd) Importer(815301076,1909f56bfc062723c751e8b465ee728b)  -> (artifact id: 'fb5fc4e8cccf302de87ed435c98a13a2') in 0.078279 seconds 
Number of asset objects unloaded after import = 3
========================================================================
Received Import Request.
  Time since last request: 0.000025 seconds.
  path: Assets/Games/MusicLevel/序列帧/打拳0046.png
  artifactKey: Guid(2fbc9e5b697f54f3082a2e524f4dd200) Importer(815301076,1909f56bfc062723c751e8b465ee728b)
Number of updated assets reloaded before import = 0
Start importing Assets/Games/MusicLevel/序列帧/打拳0046.png using Guid(2fbc9e5b697f54f3082a2e524f4dd200) Importer(815301076,1909f56bfc062723c751e8b465ee728b)  -> (artifact id: '18ddc829fd3f44badaa1874f16437a42') in 0.127899 seconds 
Number of asset objects unloaded after import = 3
========================================================================
Received Import Request.
  Time since last request: 0.000020 seconds.
  path: Assets/Games/Garden/zq/待机序列帧/待机30093.png
  artifactKey: Guid(864f084a36c7942ba8b69875ef7e9e23) Importer(815301076,1909f56bfc062723c751e8b465ee728b)
Number of updated assets reloaded before import = 0
Start importing Assets/Games/Garden/zq/待机序列帧/待机30093.png using Guid(864f084a36c7942ba8b69875ef7e9e23) Importer(815301076,1909f56bfc062723c751e8b465ee728b)  -> (artifact id: '2dd7858a26573d563cacf5e83bc6a4c0') in 0.058912 seconds 
Number of asset objects unloaded after import = 3
========================================================================
Received Import Request.
  Time since last request: 0.000027 seconds.
  path: Assets/Games/Puzzle/Puzzle 1 Pictures/拼图切图-15.png
  artifactKey: Guid(f432afc83f63f442eba9ef02112a373f) Importer(815301076,1909f56bfc062723c751e8b465ee728b)
Number of updated assets reloaded before import = 0
Start importing Assets/Games/Puzzle/Puzzle 1 Pictures/拼图切图-15.png using Guid(f432afc83f63f442eba9ef02112a373f) Importer(815301076,1909f56bfc062723c751e8b465ee728b)  -> (artifact id: 'b0a82e7a85e653022e54ddc3cab84f5f') in 0.028450 seconds 
Number of asset objects unloaded after import = 3
========================================================================
Received Import Request.
  Time since last request: 0.000020 seconds.
  path: Assets/Games/Puzzle/Puzzle 2 Garden/秋千/荡秋千-50（拖移项目）.tiff
  artifactKey: Guid(c19127cdbc11146e0a11f6132cb7cd1b) Importer(815301076,1909f56bfc062723c751e8b465ee728b)
Number of updated assets reloaded before import = 0
Start importing Assets/Games/Puzzle/Puzzle 2 Garden/秋千/荡秋千-50（拖移项目）.tiff using Guid(c19127cdbc11146e0a11f6132cb7cd1b) Importer(815301076,1909f56bfc062723c751e8b465ee728b)  -> (artifact id: 'a127be37f8dd34870abbad7e5c4d9de6') in 0.050684 seconds 
Number of asset objects unloaded after import = 3
========================================================================
Received Import Request.
  Time since last request: 0.000022 seconds.
  path: Assets/Games/Puzzle/Puzzle 2 Garden/走出提娃娃无背景/走出无背景0033.png
  artifactKey: Guid(0d220809b16b747d096dfc05a0a154fc) Importer(815301076,1909f56bfc062723c751e8b465ee728b)
Number of updated assets reloaded before import = 0
Start importing Assets/Games/Puzzle/Puzzle 2 Garden/走出提娃娃无背景/走出无背景0033.png using Guid(0d220809b16b747d096dfc05a0a154fc) Importer(815301076,1909f56bfc062723c751e8b465ee728b)  -> (artifact id: '187f96f8419471851d8fd3cf41dead8f') in 0.246832 seconds 
Number of asset objects unloaded after import = 3
========================================================================
Received Import Request.
  Time since last request: 0.000033 seconds.
  path: Assets/Games/Puzzle/Puzzle 2 Garden/躲藏无背景/躲藏无背景0058.png
  artifactKey: Guid(78f46bebd57644423ad1de8149061c1f) Importer(815301076,1909f56bfc062723c751e8b465ee728b)
Number of updated assets reloaded before import = 0
Start importing Assets/Games/Puzzle/Puzzle 2 Garden/躲藏无背景/躲藏无背景0058.png using Guid(78f46bebd57644423ad1de8149061c1f) Importer(815301076,1909f56bfc062723c751e8b465ee728b)  -> (artifact id: '45c6f093ed3364fe5b7e5e9aec508bc7') in 0.245494 seconds 
Number of asset objects unloaded after import = 3
========================================================================
Received Import Request.
  Time since last request: 0.000029 seconds.
  path: Assets/Games/Garden/zq/待机序列帧/待机30101.png
  artifactKey: Guid(dd9efa1aaa0b24121bf92c79f9170f85) Importer(815301076,1909f56bfc062723c751e8b465ee728b)
Number of updated assets reloaded before import = 0
Start importing Assets/Games/Garden/zq/待机序列帧/待机30101.png using Guid(dd9efa1aaa0b24121bf92c79f9170f85) Importer(815301076,1909f56bfc062723c751e8b465ee728b)  -> (artifact id: '288237c6dd0497add6e266986ed8fcf5') in 0.069421 seconds 
Number of asset objects unloaded after import = 3
========================================================================
Received Import Request.
  Time since last request: 0.000016 seconds.
  path: Assets/Games/Puzzle/Puzzle 2 Garden/躲藏无背景/躲藏无背景0017.png
  artifactKey: Guid(0f10596589d744cf383944d90743966c) Importer(815301076,1909f56bfc062723c751e8b465ee728b)
Number of updated assets reloaded before import = 0
Start importing Assets/Games/Puzzle/Puzzle 2 Garden/躲藏无背景/躲藏无背景0017.png using Guid(0f10596589d744cf383944d90743966c) Importer(815301076,1909f56bfc062723c751e8b465ee728b)  -> (artifact id: 'e69f4b5b374f2c44db1d9532f1f7697f') in 0.291164 seconds 
Number of asset objects unloaded after import = 3
========================================================================
Received Import Request.
  Time since last request: 0.000024 seconds.
  path: Assets/Games/Puzzle/Puzzle 2 Garden/躲藏无背景/躲藏无背景0043.png
  artifactKey: Guid(b2be8b422af394266b5702a192bbf3d1) Importer(815301076,1909f56bfc062723c751e8b465ee728b)
Number of updated assets reloaded before import = 0
Start importing Assets/Games/Puzzle/Puzzle 2 Garden/躲藏无背景/躲藏无背景0043.png using Guid(b2be8b422af394266b5702a192bbf3d1) Importer(815301076,1909f56bfc062723c751e8b465ee728b)  -> (artifact id: '3c117f67ad7ff2d2a994dd89de87e8f3') in 0.263920 seconds 
Number of asset objects unloaded after import = 3
========================================================================
Received Import Request.
  Time since last request: 0.000027 seconds.
  path: Assets/Games/MusicLevel/序列帧/打拳0037.png
  artifactKey: Guid(42f209d7a1c6347dbadaf03077e3a312) Importer(815301076,1909f56bfc062723c751e8b465ee728b)
Number of updated assets reloaded before import = 0
Start importing Assets/Games/MusicLevel/序列帧/打拳0037.png using Guid(42f209d7a1c6347dbadaf03077e3a312) Importer(815301076,1909f56bfc062723c751e8b465ee728b)  -> (artifact id: 'ee6fec9b82ffec215aa242e01c81d3e5') in 0.129777 seconds 
Number of asset objects unloaded after import = 3
========================================================================
Received Import Request.
  Time since last request: 0.000018 seconds.
  path: Assets/Games/Puzzle/Puzzle 2 Garden/躲藏无背景/躲藏无背景0035.png
  artifactKey: Guid(d52a0d4dd81844e1ebd00768d0a5154e) Importer(815301076,1909f56bfc062723c751e8b465ee728b)
Number of updated assets reloaded before import = 0
Start importing Assets/Games/Puzzle/Puzzle 2 Garden/躲藏无背景/躲藏无背景0035.png using Guid(d52a0d4dd81844e1ebd00768d0a5154e) Importer(815301076,1909f56bfc062723c751e8b465ee728b)  -> (artifact id: '3fcc75201d1b8376977b399ec0987ea8') in 0.261217 seconds 
Number of asset objects unloaded after import = 3
========================================================================
Received Import Request.
  Time since last request: 0.000021 seconds.
  path: Assets/Games/Puzzle/Puzzle 2 Garden/走出提娃娃无背景/走出无背景0030.png
  artifactKey: Guid(1fe8269bd4e3444a9913d200d4718026) Importer(815301076,1909f56bfc062723c751e8b465ee728b)
Number of updated assets reloaded before import = 0
Start importing Assets/Games/Puzzle/Puzzle 2 Garden/走出提娃娃无背景/走出无背景0030.png using Guid(1fe8269bd4e3444a9913d200d4718026) Importer(815301076,1909f56bfc062723c751e8b465ee728b)  -> (artifact id: '2f38275b23ef0eaa2e8895bc6ba73068') in 0.247432 seconds 
Number of asset objects unloaded after import = 3
========================================================================
Received Import Request.
  Time since last request: 0.000029 seconds.
  path: Assets/Games/Garden/zq/待机序列帧/待机30098.png
  artifactKey: Guid(8995cbf7c34d04b7ab5720ebdf0dfff8) Importer(815301076,1909f56bfc062723c751e8b465ee728b)
Number of updated assets reloaded before import = 0
Start importing Assets/Games/Garden/zq/待机序列帧/待机30098.png using Guid(8995cbf7c34d04b7ab5720ebdf0dfff8) Importer(815301076,1909f56bfc062723c751e8b465ee728b)  -> (artifact id: '25449a9de105890ab04456ebfb1b627d') in 0.101220 seconds 
Number of asset objects unloaded after import = 3
========================================================================
Received Import Request.
  Time since last request: 0.000020 seconds.
  path: Assets/Games/Puzzle/Puzzle 2 Garden/躲藏无背景/躲藏无背景0015.png
  artifactKey: Guid(33bad1e3ec29c4bb997a10513806b4ff) Importer(815301076,1909f56bfc062723c751e8b465ee728b)
Number of updated assets reloaded before import = 0
Start importing Assets/Games/Puzzle/Puzzle 2 Garden/躲藏无背景/躲藏无背景0015.png using Guid(33bad1e3ec29c4bb997a10513806b4ff) Importer(815301076,1909f56bfc062723c751e8b465ee728b)  -> (artifact id: 'c0d62c82390af6c78d6726c631c7bb2e') in 0.270844 seconds 
Number of asset objects unloaded after import = 3
========================================================================
Received Import Request.
  Time since last request: 0.000024 seconds.
  path: Assets/Games/Puzzle/Puzzle 2 Garden/秋千/荡秋千-48（拖移项目）.tiff
  artifactKey: Guid(e80424b47825a422da9d126807a28297) Importer(815301076,1909f56bfc062723c751e8b465ee728b)
Number of updated assets reloaded before import = 0
Start importing Assets/Games/Puzzle/Puzzle 2 Garden/秋千/荡秋千-48（拖移项目）.tiff using Guid(e80424b47825a422da9d126807a28297) Importer(815301076,1909f56bfc062723c751e8b465ee728b)  -> (artifact id: '4d5d48dc33ede7a3d812b215158b91eb') in 0.063183 seconds 
Number of asset objects unloaded after import = 3
========================================================================
Received Import Request.
  Time since last request: 0.000029 seconds.
  path: Assets/Games/Puzzle/Puzzle 2 Garden/秋千/荡秋千-41（拖移项目）.tiff
  artifactKey: Guid(17984db0bdb2a440996f088679a938b7) Importer(815301076,1909f56bfc062723c751e8b465ee728b)
Number of updated assets reloaded before import = 0
Start importing Assets/Games/Puzzle/Puzzle 2 Garden/秋千/荡秋千-41（拖移项目）.tiff using Guid(17984db0bdb2a440996f088679a938b7) Importer(815301076,1909f56bfc062723c751e8b465ee728b)  -> (artifact id: '2a7d85f40b9df57c4dcbcd26e5829415') in 0.051662 seconds 
Number of asset objects unloaded after import = 3
========================================================================
Received Import Request.
  Time since last request: 0.000020 seconds.
  path: Assets/Games/Climb/攀爬无背景/攀爬0006.png
  artifactKey: Guid(aedfc97e976f148ae89ea8091b8e16cd) Importer(815301076,1909f56bfc062723c751e8b465ee728b)
Number of updated assets reloaded before import = 0
Start importing Assets/Games/Climb/攀爬无背景/攀爬0006.png using Guid(aedfc97e976f148ae89ea8091b8e16cd) Importer(815301076,1909f56bfc062723c751e8b465ee728b)  -> (artifact id: 'eb2a8af0dec9c7aa1a0ae516b51b6383') in 0.100913 seconds 
Number of asset objects unloaded after import = 3
========================================================================
Received Import Request.
  Time since last request: 0.000018 seconds.
  path: Assets/Games/Puzzle/Puzzle 2 Garden/躲藏无背景/躲藏无背景0060.png
  artifactKey: Guid(baa3170d9fcd94ffa89fb62beaa67003) Importer(815301076,1909f56bfc062723c751e8b465ee728b)
Number of updated assets reloaded before import = 0
Start importing Assets/Games/Puzzle/Puzzle 2 Garden/躲藏无背景/躲藏无背景0060.png using Guid(baa3170d9fcd94ffa89fb62beaa67003) Importer(815301076,1909f56bfc062723c751e8b465ee728b)  -> (artifact id: '72fd0b2d850373f5ffaa8442d0377354') in 0.238354 seconds 
Number of asset objects unloaded after import = 3
========================================================================
Received Import Request.
  Time since last request: 0.000028 seconds.
  path: Assets/Games/Puzzle/Puzzle 2 Garden/秋千/荡秋千-38（拖移项目）.tiff
  artifactKey: Guid(2485713aa325640c089d203aa1b8963b) Importer(815301076,1909f56bfc062723c751e8b465ee728b)
Number of updated assets reloaded before import = 0
Start importing Assets/Games/Puzzle/Puzzle 2 Garden/秋千/荡秋千-38（拖移项目）.tiff using Guid(2485713aa325640c089d203aa1b8963b) Importer(815301076,1909f56bfc062723c751e8b465ee728b)  -> (artifact id: '5ab34fd68a2c351257d3043af89d0f50') in 0.067804 seconds 
Number of asset objects unloaded after import = 3
========================================================================
Received Import Request.
  Time since last request: 0.000025 seconds.
  path: Assets/Games/Garden/zq/待机序列帧/待机30092.png
  artifactKey: Guid(523c420179e6a436e9aeeaeca51184cd) Importer(815301076,1909f56bfc062723c751e8b465ee728b)
Number of updated assets reloaded before import = 0
Start importing Assets/Games/Garden/zq/待机序列帧/待机30092.png using Guid(523c420179e6a436e9aeeaeca51184cd) Importer(815301076,1909f56bfc062723c751e8b465ee728b)  -> (artifact id: '53200c76b4b7dcb52992ba72f1942751') in 0.085896 seconds 
Number of asset objects unloaded after import = 3
========================================================================
Received Import Request.
  Time since last request: 0.000020 seconds.
  path: Assets/Games/Garden/zq/待机序列帧/待机30094.png
  artifactKey: Guid(0d4926b5e4e2d40e9a86918546ddf24a) Importer(815301076,1909f56bfc062723c751e8b465ee728b)
Number of updated assets reloaded before import = 0
Start importing Assets/Games/Garden/zq/待机序列帧/待机30094.png using Guid(0d4926b5e4e2d40e9a86918546ddf24a) Importer(815301076,1909f56bfc062723c751e8b465ee728b)  -> (artifact id: 'ed45323da902b6cba1b96a49a60be261') in 0.071521 seconds 
Number of asset objects unloaded after import = 3
========================================================================
Received Import Request.
  Time since last request: 0.000018 seconds.
  path: Assets/Games/Puzzle/Puzzle 2 Garden/秋千/荡秋千-16（拖移项目）.tiff
  artifactKey: Guid(d5ccfa015685949c0a55cb75826d9756) Importer(815301076,1909f56bfc062723c751e8b465ee728b)
Number of updated assets reloaded before import = 0
Start importing Assets/Games/Puzzle/Puzzle 2 Garden/秋千/荡秋千-16（拖移项目）.tiff using Guid(d5ccfa015685949c0a55cb75826d9756) Importer(815301076,1909f56bfc062723c751e8b465ee728b)  -> (artifact id: '055a96221c115aff44e7ebdfb64ea09e') in 0.054550 seconds 
Number of asset objects unloaded after import = 3
========================================================================
Received Import Request.
  Time since last request: 0.000021 seconds.
  path: Assets/Games/MusicLevel/序列帧/打拳0045.png
  artifactKey: Guid(251e0ce74a90842a98c1d46861a94571) Importer(815301076,1909f56bfc062723c751e8b465ee728b)
Number of updated assets reloaded before import = 0
Start importing Assets/Games/MusicLevel/序列帧/打拳0045.png using Guid(251e0ce74a90842a98c1d46861a94571) Importer(815301076,1909f56bfc062723c751e8b465ee728b)  -> (artifact id: '3e169b64dba10ef434e02430e7a766f8') in 0.129495 seconds 
Number of asset objects unloaded after import = 3
========================================================================
Received Import Request.
  Time since last request: 0.000027 seconds.
  path: Assets/Games/Puzzle/Puzzle 2 Garden/躲藏无背景/躲藏无背景0016.png
  artifactKey: Guid(fdbe2dd2f3b814e4288381c28625d78c) Importer(815301076,1909f56bfc062723c751e8b465ee728b)
Number of updated assets reloaded before import = 0
Start importing Assets/Games/Puzzle/Puzzle 2 Garden/躲藏无背景/躲藏无背景0016.png using Guid(fdbe2dd2f3b814e4288381c28625d78c) Importer(815301076,1909f56bfc062723c751e8b465ee728b)  -> (artifact id: '752f9fe2cf77a1ca69a66b54c5aa8a87') in 0.224863 seconds 
Number of asset objects unloaded after import = 3
========================================================================
Received Import Request.
  Time since last request: 0.000025 seconds.
  path: Assets/Games/Puzzle/Puzzle 2 Garden/躲藏无背景/躲藏无背景0037.png
  artifactKey: Guid(5c5e3f99bf7404280aa9286a93a36da0) Importer(815301076,1909f56bfc062723c751e8b465ee728b)
Number of updated assets reloaded before import = 0
Start importing Assets/Games/Puzzle/Puzzle 2 Garden/躲藏无背景/躲藏无背景0037.png using Guid(5c5e3f99bf7404280aa9286a93a36da0) Importer(815301076,1909f56bfc062723c751e8b465ee728b)  -> (artifact id: '8461f12358c515ffb96f166bf12b3a93') in 0.226657 seconds 
Number of asset objects unloaded after import = 3
========================================================================
Received Import Request.
  Time since last request: 0.000023 seconds.
  path: Assets/Games/MusicLevel/序列帧/打拳0039.png
  artifactKey: Guid(66ec9c8016c8344119afb0ba17332bb1) Importer(815301076,1909f56bfc062723c751e8b465ee728b)
Number of updated assets reloaded before import = 0
Start importing Assets/Games/MusicLevel/序列帧/打拳0039.png using Guid(66ec9c8016c8344119afb0ba17332bb1) Importer(815301076,1909f56bfc062723c751e8b465ee728b)  -> (artifact id: 'ab2f70fdbe1f5b3c1037798c526f5169') in 0.105764 seconds 
Number of asset objects unloaded after import = 3
========================================================================
Received Import Request.
  Time since last request: 0.000014 seconds.
  path: Assets/Games/Puzzle/Puzzle 2 Garden/走出提娃娃无背景/走出无背景0031.png
  artifactKey: Guid(91d7975bd454441ee80f54c210a00e4c) Importer(815301076,1909f56bfc062723c751e8b465ee728b)
Number of updated assets reloaded before import = 0
Start importing Assets/Games/Puzzle/Puzzle 2 Garden/走出提娃娃无背景/走出无背景0031.png using Guid(91d7975bd454441ee80f54c210a00e4c) Importer(815301076,1909f56bfc062723c751e8b465ee728b)  -> (artifact id: '93b24bd1a22840e8fd81caa8990f1575') in 0.209801 seconds 
Number of asset objects unloaded after import = 3
========================================================================
Received Import Request.
  Time since last request: 0.000018 seconds.
  path: Assets/Games/Puzzle/Puzzle 2 Garden/走出提娃娃无背景/走出无背景0044.png
  artifactKey: Guid(1bfc000c83e29403282ed08cf7ce7a78) Importer(815301076,1909f56bfc062723c751e8b465ee728b)
Number of updated assets reloaded before import = 0
Start importing Assets/Games/Puzzle/Puzzle 2 Garden/走出提娃娃无背景/走出无背景0044.png using Guid(1bfc000c83e29403282ed08cf7ce7a78) Importer(815301076,1909f56bfc062723c751e8b465ee728b)  -> (artifact id: '32e81ca3af8ded4f07ccd5cb29a8fa3a') in 0.211039 seconds 
Number of asset objects unloaded after import = 3
========================================================================
Received Import Request.
  Time since last request: 0.000025 seconds.
  path: Assets/Games/Puzzle/Puzzle 2 Garden/躲藏无背景/躲藏无背景0013.png
  artifactKey: Guid(59e0aded4576c4a9f802c4010a059a3a) Importer(815301076,1909f56bfc062723c751e8b465ee728b)
Number of updated assets reloaded before import = 0
Start importing Assets/Games/Puzzle/Puzzle 2 Garden/躲藏无背景/躲藏无背景0013.png using Guid(59e0aded4576c4a9f802c4010a059a3a) Importer(815301076,1909f56bfc062723c751e8b465ee728b)  -> (artifact id: 'b17a7e26484b8b453fdb40ba24c23018') in 0.263222 seconds 
Number of asset objects unloaded after import = 3
========================================================================
Received Import Request.
  Time since last request: 0.000024 seconds.
  path: Assets/Games/Puzzle/Puzzle 2 Garden/走出提娃娃无背景/走出无背景0043.png
  artifactKey: Guid(3f577343b214c40b1bc1c001fd4485c8) Importer(815301076,1909f56bfc062723c751e8b465ee728b)
Number of updated assets reloaded before import = 0
Start importing Assets/Games/Puzzle/Puzzle 2 Garden/走出提娃娃无背景/走出无背景0043.png using Guid(3f577343b214c40b1bc1c001fd4485c8) Importer(815301076,1909f56bfc062723c751e8b465ee728b)  -> (artifact id: '0e14ba2e304251611519c38c580c1655') in 0.249850 seconds 
Number of asset objects unloaded after import = 3
========================================================================
Received Import Request.
  Time since last request: 0.000030 seconds.
  path: Assets/Games/Puzzle/Puzzle 2 Garden/躲藏无背景/躲藏无背景0010.png
  artifactKey: Guid(e4bb0e5a091ad4b678abb356d57cade5) Importer(815301076,1909f56bfc062723c751e8b465ee728b)
Number of updated assets reloaded before import = 0
Start importing Assets/Games/Puzzle/Puzzle 2 Garden/躲藏无背景/躲藏无背景0010.png using Guid(e4bb0e5a091ad4b678abb356d57cade5) Importer(815301076,1909f56bfc062723c751e8b465ee728b)  -> (artifact id: 'ca26a385a8b9c962be8b36b48bff90a2') in 0.248507 seconds 
Number of asset objects unloaded after import = 3
========================================================================
Received Import Request.
  Time since last request: 62.315263 seconds.
  path: Assets/Games/TextMesh Pro/Sprites/EmojiOne.png
  artifactKey: Guid(dffef66376be4fa480fb02b19edbe903) Importer(815301076,1909f56bfc062723c751e8b465ee728b)
Number of updated assets reloaded before import = 0
Start importing Assets/Games/TextMesh Pro/Sprites/EmojiOne.png using Guid(dffef66376be4fa480fb02b19edbe903) Importer(815301076,1909f56bfc062723c751e8b465ee728b)  -> (artifact id: '95c816b2f59850ebece831723c844819') in 0.013308 seconds 
Number of asset objects unloaded after import = 2
========================================================================
Received Import Request.
  Time since last request: 0.071152 seconds.
  path: Assets/WX-WASM-SDK-V2/Runtime/wechat-default/open-data/render/image/loading.png
  artifactKey: Guid(1fb56e916b5a24a99943370d098d5288) Importer(815301076,1909f56bfc062723c751e8b465ee728b)
Number of updated assets reloaded before import = 0
Start importing Assets/WX-WASM-SDK-V2/Runtime/wechat-default/open-data/render/image/loading.png using Guid(1fb56e916b5a24a99943370d098d5288) Importer(815301076,1909f56bfc062723c751e8b465ee728b)  -> (artifact id: '47a4beb2e23b37ec44ab1180fd5bbd01') in 0.011413 seconds 
Number of asset objects unloaded after import = 2
========================================================================
Received Import Request.
  Time since last request: 0.000904 seconds.
  path: Assets/Games/外包_金币合成/Texture/VFX/mask_001.tga
  artifactKey: Guid(f47966376205b8648b40022dd0a96044) Importer(815301076,1909f56bfc062723c751e8b465ee728b)
Number of updated assets reloaded before import = 0
Start importing Assets/Games/外包_金币合成/Texture/VFX/mask_001.tga using Guid(f47966376205b8648b40022dd0a96044) Importer(815301076,1909f56bfc062723c751e8b465ee728b)  -> (artifact id: '374d34ac4da36ed3324a918d78aecdf1') in 0.022167 seconds 
Number of asset objects unloaded after import = 2
========================================================================
Received Import Request.
  Time since last request: 0.373733 seconds.
  path: Assets/WX-WASM-SDK-V2/Editor/MiniGameConfig.asset
  artifactKey: Guid(fa6f3f5843efb4a4198c83cce0572cd7) Importer(815301076,1909f56bfc062723c751e8b465ee728b)
Number of updated assets reloaded before import = 0
Start importing Assets/WX-WASM-SDK-V2/Editor/MiniGameConfig.asset using Guid(fa6f3f5843efb4a4198c83cce0572cd7) Importer(815301076,1909f56bfc062723c751e8b465ee728b)  -> (artifact id: '1ddc88f96b4e2f933e7dcd1b4141d814') in 0.012069 seconds 
Number of asset objects unloaded after import = 1
========================================================================
Received Import Request.
  Time since last request: 0.080179 seconds.
  path: Assets/Games/Garden/717-assets/图层 61.png
  artifactKey: Guid(2ddc7da5feb1f4ad48fc870e0e8a1f2f) Importer(815301076,1909f56bfc062723c751e8b465ee728b)
Number of updated assets reloaded before import = 0
Start importing Assets/Games/Garden/717-assets/图层 61.png using Guid(2ddc7da5feb1f4ad48fc870e0e8a1f2f) Importer(815301076,1909f56bfc062723c751e8b465ee728b)  -> (artifact id: 'e6fbb537714283f9e8be34b3983d676e') in 0.018253 seconds 
Number of asset objects unloaded after import = 3
========================================================================
Received Import Request.
  Time since last request: 0.015335 seconds.
  path: Assets/Games/Garden/zq/待机序列帧/待机30037.png
  artifactKey: Guid(dda73cdb22fc042df8ef0bc6162f8b9f) Importer(815301076,1909f56bfc062723c751e8b465ee728b)
Number of updated assets reloaded before import = 0
Start importing Assets/Games/Garden/zq/待机序列帧/待机30037.png using Guid(dda73cdb22fc042df8ef0bc6162f8b9f) Importer(815301076,1909f56bfc062723c751e8b465ee728b)  -> (artifact id: '2577c15206b80f31a742561dbd490637') in 0.082950 seconds 
Number of asset objects unloaded after import = 3
========================================================================
Received Import Request.
  Time since last request: 0.000022 seconds.
  path: Assets/Games/Garden/zq/待机序列帧/待机30041.png
  artifactKey: Guid(250af6e68c5eb4590baaed2483ca0025) Importer(815301076,1909f56bfc062723c751e8b465ee728b)
Number of updated assets reloaded before import = 0
Start importing Assets/Games/Garden/zq/待机序列帧/待机30041.png using Guid(250af6e68c5eb4590baaed2483ca0025) Importer(815301076,1909f56bfc062723c751e8b465ee728b)  -> (artifact id: '9017e2f9a2fd22d4a8e378a228011621') in 0.073224 seconds 
Number of asset objects unloaded after import = 3
========================================================================
Received Import Request.
  Time since last request: 0.000019 seconds.
  path: Assets/Games/Garden/zq/待机序列帧/待机30107.png
  artifactKey: Guid(b95f863937cf54035b36e72e7e5ab402) Importer(815301076,1909f56bfc062723c751e8b465ee728b)
Number of updated assets reloaded before import = 0
Start importing Assets/Games/Garden/zq/待机序列帧/待机30107.png using Guid(b95f863937cf54035b36e72e7e5ab402) Importer(815301076,1909f56bfc062723c751e8b465ee728b)  -> (artifact id: '15c3681b2d1b26c6f2ae98c2c99a6903') in 0.064193 seconds 
Number of asset objects unloaded after import = 3
========================================================================
Received Import Request.
  Time since last request: 0.000027 seconds.
  path: Assets/Games/Garden/zq/待机序列帧/待机30108.png
  artifactKey: Guid(df8692b5e206d4016b8bbca207386b70) Importer(815301076,1909f56bfc062723c751e8b465ee728b)
Number of updated assets reloaded before import = 0
Start importing Assets/Games/Garden/zq/待机序列帧/待机30108.png using Guid(df8692b5e206d4016b8bbca207386b70) Importer(815301076,1909f56bfc062723c751e8b465ee728b)  -> (artifact id: '11fe44565965310c18903c1acf30f43d') in 0.063344 seconds 
Number of asset objects unloaded after import = 3
========================================================================
Received Import Request.
  Time since last request: 0.000020 seconds.
  path: Assets/Games/Garden/Finger/手指点击_爱给网_aigei_com-11（拖移项目）.tiff
  artifactKey: Guid(4f5d8a5cbfbde4a06a28dcff5038f5e8) Importer(815301076,1909f56bfc062723c751e8b465ee728b)
Number of updated assets reloaded before import = 0
Start importing Assets/Games/Garden/Finger/手指点击_爱给网_aigei_com-11（拖移项目）.tiff using Guid(4f5d8a5cbfbde4a06a28dcff5038f5e8) Importer(815301076,1909f56bfc062723c751e8b465ee728b)  -> (artifact id: 'eb6396ebf6bb4f9545b99e7354c321ca') in 0.053435 seconds 
Number of asset objects unloaded after import = 3
========================================================================
Received Import Request.
  Time since last request: 0.000015 seconds.
  path: Assets/Games/Garden/Finger/手指点击_爱给网_aigei_com-10（拖移项目）.tiff
  artifactKey: Guid(5301aade6dc3544f7b7d48d4fa26a578) Importer(815301076,1909f56bfc062723c751e8b465ee728b)
Number of updated assets reloaded before import = 0
Start importing Assets/Games/Garden/Finger/手指点击_爱给网_aigei_com-10（拖移项目）.tiff using Guid(5301aade6dc3544f7b7d48d4fa26a578) Importer(815301076,1909f56bfc062723c751e8b465ee728b)  -> (artifact id: '2198266c869969217ab58fc182d3365e') in 0.039694 seconds 
Number of asset objects unloaded after import = 3
Editor requested this worker to shutdown with reason: Scaling down because of idle timeout
AssetImportWorker is now disconnected from the server
Process exiting
Exiting without the bug reporter. Application will terminate with return code 0